[31-Aug-2022 16:16:15 UTC] PHP Warning:  call_user_func_array() expects parameter 1 to be a valid callback, class 'Amfence_Locations_Admin' does not have a method 'refresh_locations' in /Users/vanessa/Local Sites/omaha-fence-company/app/public/wp-includes/class-wp-hook.php on line 307
[31-Aug-2022 16:16:15 UTC] PHP Stack trace:
[31-Aug-2022 16:16:15 UTC] PHP   1. {main}() /Users/vanessa/Local Sites/omaha-fence-company/app/public/wp-cron.php:0
[31-Aug-2022 16:16:15 UTC] PHP   2. do_action_ref_array() /Users/vanessa/Local Sites/omaha-fence-company/app/public/wp-cron.php:138
[31-Aug-2022 16:16:15 UTC] PHP   3. WP_Hook->do_action() /Users/vanessa/Local Sites/omaha-fence-company/app/public/wp-includes/plugin.php:524
[31-Aug-2022 16:16:15 UTC] PHP   4. WP_Hook->apply_filters() /Users/vanessa/Local Sites/omaha-fence-company/app/public/wp-includes/class-wp-hook.php:331
[31-Aug-2022 16:17:44 UTC] Flywheel::DatabaseConnection
[31-Aug-2022 16:17:48 UTC] Flywheel::DatabaseConnection
[31-Aug-2022 16:17:49 UTC] Flywheel::DatabaseConnection
[31-Aug-2022 16:42:46 UTC] Flywheel::DatabaseConnection
[31-Aug-2022 16:42:46 UTC] Flywheel::DatabaseConnection
[31-Aug-2022 16:42:46 UTC] Flywheel::DatabaseConnection
[13-Sep-2022 13:49:48 UTC] Flywheel::DatabaseConnection
[13-Sep-2022 13:49:48 UTC] Flywheel::DatabaseConnection
[13-Sep-2022 13:49:48 UTC] Flywheel::DatabaseConnection
[13-Sep-2022 13:49:50 UTC] Flywheel::DatabaseConnection
[13-Sep-2022 13:49:50 UTC] Flywheel::DatabaseConnection
[13-Sep-2022 13:49:50 UTC] Flywheel::DatabaseConnection
[13-Sep-2022 13:49:50 UTC] Flywheel::DatabaseConnection
[13-Sep-2022 13:49:50 UTC] Flywheel::DatabaseConnection
[13-Sep-2022 13:49:50 UTC] Flywheel::DatabaseConnection
[13-Sep-2022 13:49:50 UTC] Flywheel::DatabaseConnection
[13-Sep-2022 13:49:50 UTC] Flywheel::DatabaseConnection
[13-Sep-2022 13:49:50 UTC] Flywheel::DatabaseConnection
[13-Sep-2022 13:49:50 UTC] Flywheel::DatabaseConnection
[13-Sep-2022 13:50:46 UTC] Flywheel::DatabaseConnection
[13-Sep-2022 13:50:46 UTC] Flywheel::DatabaseConnection
[13-Sep-2022 13:50:46 UTC] Flywheel::DatabaseConnection
[13-Sep-2022 13:50:47 UTC] Flywheel::DatabaseConnection
[13-Sep-2022 13:50:47 UTC] Flywheel::DatabaseConnection
[13-Sep-2022 13:50:47 UTC] Flywheel::DatabaseConnection
[13-Sep-2022 13:50:47 UTC] Flywheel::DatabaseConnection
[13-Sep-2022 20:35:08 UTC] PHP Warning:  call_user_func_array() expects parameter 1 to be a valid callback, class 'Amfence_Locations_Admin' does not have a method 'refresh_locations' in /Users/vanessa/Local Sites/omaha-fence-company/app/public/wp-includes/class-wp-hook.php on line 307
[13-Sep-2022 20:35:08 UTC] PHP Stack trace:
[13-Sep-2022 20:35:08 UTC] PHP   1. {main}() /Users/vanessa/Local Sites/omaha-fence-company/app/public/wp-cron.php:0
[13-Sep-2022 20:35:08 UTC] PHP   2. do_action_ref_array() /Users/vanessa/Local Sites/omaha-fence-company/app/public/wp-cron.php:138
[13-Sep-2022 20:35:08 UTC] PHP   3. WP_Hook->do_action() /Users/vanessa/Local Sites/omaha-fence-company/app/public/wp-includes/plugin.php:524
[13-Sep-2022 20:35:08 UTC] PHP   4. WP_Hook->apply_filters() /Users/vanessa/Local Sites/omaha-fence-company/app/public/wp-includes/class-wp-hook.php:331
[13-Sep-2022 20:35:08 UTC] Flywheel::DatabaseConnection
[13-Sep-2022 20:35:08 UTC] WordPress database error Server shutdown in progress for query UPDATE `wp_777y19fi0b_options` SET `option_value` = 'O:8:\"stdClass\":4:{s:7:\"updates\";a:2:{i:0;O:8:\"stdClass\":10:{s:8:\"response\";s:7:\"upgrade\";s:8:\"download\";s:59:\"https://downloads.wordpress.org/release/wordpress-6.0.2.zip\";s:6:\"locale\";s:5:\"en_US\";s:8:\"packages\";O:8:\"stdClass\":5:{s:4:\"full\";s:59:\"https://downloads.wordpress.org/release/wordpress-6.0.2.zip\";s:10:\"no_content\";s:70:\"https://downloads.wordpress.org/release/wordpress-6.0.2-no-content.zip\";s:11:\"new_bundled\";s:71:\"https://downloads.wordpress.org/release/wordpress-6.0.2-new-bundled.zip\";s:7:\"partial\";s:69:\"https://downloads.wordpress.org/release/wordpress-6.0.2-partial-1.zip\";s:8:\"rollback\";s:0:\"\";}s:7:\"current\";s:5:\"6.0.2\";s:7:\"version\";s:5:\"6.0.2\";s:11:\"php_version\";s:6:\"5.6.20\";s:13:\"mysql_version\";s:3:\"5.0\";s:11:\"new_bundled\";s:3:\"5.9\";s:15:\"partial_version\";s:5:\"6.0.1\";}i:1;O:8:\"stdClass\":11:{s:8:\"response\";s:10:\"autoupdate\";s:8:\"download\";s:59:\"https://downloads.wordpress.org/release/wordpress-6.0.2.zip\";s:6:\"locale\";s:5:\"en_US\";s:8:\"packages\";O:8:\"stdClass\":5:{s:4:\"full\";s:59:\"https://downloads.wordpress.org/release/wordpress-6.0.2.zip\";s:10:\"no_content\";s:70:\"https://downloads.wordpress.org/release/wordpress-6.0.2-no-content.zip\";s:11:\"new_bundled\";s:71:\"https://downloads.wordpress.org/release/wordpress-6.0.2-new-bundled.zip\";s:7:\"partial\";s:69:\"https://downloads.wordpress.org/release/wordpress-6.0.2-partial-1.zip\";s:8:\"rollback\";s:70:\"https://downloads.wordpress.org/release/wordpress-6.0.2-rollback-1.zip\";}s:7:\"current\";s:5:\"6.0.2\";s:7:\"version\";s:5:\"6.0.2\";s:11:\"php_version\";s:6:\"5.6.20\";s:13:\"mysql_version\";s:3:\"5.0\";s:11:\"new_bundled\";s:3:\"5.9\";s:15:\"partial_version\";s:5:\"6.0.1\";s:9:\"new_files\";s:0:\"\";}}s:12:\"last_checked\";i:1663101308;s:15:\"version_checked\";s:5:\"6.0.1\";s:12:\"translations\";a:0:{}}', `autoload` = 'no' WHERE `option_name` = '_site_transient_update_core' made by include('phar:///Applications/Local.app/Contents/Resources/extraResources/bin/wp-cli/wp-cli.phar/php/boot-phar.php'), include('phar:///Applications/Local.app/Contents/Resources/extraResources/bin/wp-cli/wp-cli.phar/vendor/wp-cli/wp-cli/php/wp-cli.php'), WP_CLI\bootstrap, WP_CLI\Bootstrap\LaunchRunner->process, WP_CLI\Runner->start, WP_CLI\Runner->run_command_and_exit, WP_CLI\Runner->run_command, WP_CLI\Dispatcher\Subcommand->invoke, call_user_func, WP_CLI\Dispatcher\CommandFactory::WP_CLI\Dispatcher\{closure}, call_user_func, Core_Command->check_update, Core_Command->get_updates, wp_version_check, set_site_transient, update_site_option, update_network_option, update_option
[28-Oct-2022 14:25:10 UTC] Flywheel::DatabaseConnection
[28-Oct-2022 14:25:10 UTC] Flywheel::DatabaseConnection
[28-Oct-2022 14:25:10 UTC] Flywheel::DatabaseConnection
[28-Oct-2022 14:25:12 UTC] Flywheel::DatabaseConnection
[28-Oct-2022 14:25:12 UTC] Flywheel::DatabaseConnection
[28-Oct-2022 14:25:12 UTC] Flywheel::DatabaseConnection
[28-Oct-2022 14:25:12 UTC] Flywheel::DatabaseConnection
[28-Oct-2022 14:25:13 UTC] Flywheel::DatabaseConnection
[28-Oct-2022 14:25:13 UTC] Flywheel::DatabaseConnection
[28-Oct-2022 14:25:13 UTC] Flywheel::DatabaseConnection
[28-Oct-2022 14:25:13 UTC] Flywheel::DatabaseConnection
[28-Oct-2022 14:25:13 UTC] Flywheel::DatabaseConnection
[28-Oct-2022 14:25:13 UTC] Flywheel::DatabaseConnection
[28-Oct-2022 14:26:50 UTC] Flywheel::DatabaseConnection
[28-Oct-2022 14:26:50 UTC] Flywheel::DatabaseConnection
[28-Oct-2022 14:26:50 UTC] Flywheel::DatabaseConnection
[28-Oct-2022 14:26:51 UTC] Flywheel::DatabaseConnection
[28-Oct-2022 14:26:51 UTC] Flywheel::DatabaseConnection
[28-Oct-2022 14:26:51 UTC] Flywheel::DatabaseConnection
[28-Oct-2022 14:26:51 UTC] Flywheel::DatabaseConnection
[28-Oct-2022 14:33:19 UTC] Flywheel::DatabaseConnection
[28-Oct-2022 14:33:19 UTC] Flywheel::DatabaseConnection
[28-Oct-2022 14:33:20 UTC] Flywheel::DatabaseConnection
[28-Oct-2022 14:33:21 UTC] Flywheel::DatabaseConnection
[28-Oct-2022 14:33:21 UTC] Flywheel::DatabaseConnection
[28-Oct-2022 14:33:21 UTC] Flywheel::DatabaseConnection
[28-Oct-2022 14:33:21 UTC] Flywheel::DatabaseConnection
[28-Oct-2022 15:25:14 UTC] PHP Warning:  call_user_func_array() expects parameter 1 to be a valid callback, class 'Amfence_Locations_Admin' does not have a method 'refresh_locations' in /Users/vanessa/Local Sites/omaha-fence-company/app/public/wp-includes/class-wp-hook.php on line 307
[28-Oct-2022 15:25:14 UTC] PHP Stack trace:
[28-Oct-2022 15:25:14 UTC] PHP   1. {main}() /Users/vanessa/Local Sites/omaha-fence-company/app/public/wp-cron.php:0
[28-Oct-2022 15:25:14 UTC] PHP   2. do_action_ref_array() /Users/vanessa/Local Sites/omaha-fence-company/app/public/wp-cron.php:138
[28-Oct-2022 15:25:14 UTC] PHP   3. WP_Hook->do_action() /Users/vanessa/Local Sites/omaha-fence-company/app/public/wp-includes/plugin.php:524
[28-Oct-2022 15:25:14 UTC] PHP   4. WP_Hook->apply_filters() /Users/vanessa/Local Sites/omaha-fence-company/app/public/wp-includes/class-wp-hook.php:331
[28-Oct-2022 16:07:49 UTC] PHP Warning:  call_user_func_array() expects parameter 1 to be a valid callback, class 'Amfence_Locations_Admin' does not have a method 'refresh_locations' in /Users/vanessa/Local Sites/omaha-fence-company/app/public/wp-includes/class-wp-hook.php on line 307
[28-Oct-2022 16:07:49 UTC] PHP Stack trace:
[28-Oct-2022 16:07:49 UTC] PHP   1. {main}() /Users/vanessa/Local Sites/omaha-fence-company/app/public/wp-cron.php:0
[28-Oct-2022 16:07:49 UTC] PHP   2. do_action_ref_array() /Users/vanessa/Local Sites/omaha-fence-company/app/public/wp-cron.php:138
[28-Oct-2022 16:07:49 UTC] PHP   3. WP_Hook->do_action() /Users/vanessa/Local Sites/omaha-fence-company/app/public/wp-includes/plugin.php:524
[28-Oct-2022 16:07:49 UTC] PHP   4. WP_Hook->apply_filters() /Users/vanessa/Local Sites/omaha-fence-company/app/public/wp-includes/class-wp-hook.php:331
[28-Oct-2022 17:07:19 UTC] PHP Warning:  call_user_func_array() expects parameter 1 to be a valid callback, class 'Amfence_Locations_Admin' does not have a method 'refresh_locations' in /Users/vanessa/Local Sites/omaha-fence-company/app/public/wp-includes/class-wp-hook.php on line 307
[28-Oct-2022 17:07:19 UTC] PHP Stack trace:
[28-Oct-2022 17:07:19 UTC] PHP   1. {main}() /Users/vanessa/Local Sites/omaha-fence-company/app/public/wp-cron.php:0
[28-Oct-2022 17:07:19 UTC] PHP   2. do_action_ref_array() /Users/vanessa/Local Sites/omaha-fence-company/app/public/wp-cron.php:138
[28-Oct-2022 17:07:19 UTC] PHP   3. WP_Hook->do_action() /Users/vanessa/Local Sites/omaha-fence-company/app/public/wp-includes/plugin.php:524
[28-Oct-2022 17:07:19 UTC] PHP   4. WP_Hook->apply_filters() /Users/vanessa/Local Sites/omaha-fence-company/app/public/wp-includes/class-wp-hook.php:331
[28-Oct-2022 18:08:33 UTC] PHP Warning:  call_user_func_array() expects parameter 1 to be a valid callback, class 'Amfence_Locations_Admin' does not have a method 'refresh_locations' in /Users/vanessa/Local Sites/omaha-fence-company/app/public/wp-includes/class-wp-hook.php on line 307
[28-Oct-2022 18:08:33 UTC] PHP Stack trace:
[28-Oct-2022 18:08:33 UTC] PHP   1. {main}() /Users/vanessa/Local Sites/omaha-fence-company/app/public/wp-cron.php:0
[28-Oct-2022 18:08:33 UTC] PHP   2. do_action_ref_array() /Users/vanessa/Local Sites/omaha-fence-company/app/public/wp-cron.php:138
[28-Oct-2022 18:08:33 UTC] PHP   3. WP_Hook->do_action() /Users/vanessa/Local Sites/omaha-fence-company/app/public/wp-includes/plugin.php:524
[28-Oct-2022 18:08:33 UTC] PHP   4. WP_Hook->apply_filters() /Users/vanessa/Local Sites/omaha-fence-company/app/public/wp-includes/class-wp-hook.php:331
[28-Oct-2022 19:41:47 UTC] PHP Warning:  call_user_func_array() expects parameter 1 to be a valid callback, class 'Amfence_Locations_Admin' does not have a method 'refresh_locations' in /Users/vanessa/Local Sites/omaha-fence-company/app/public/wp-includes/class-wp-hook.php on line 307
[28-Oct-2022 19:41:47 UTC] PHP Stack trace:
[28-Oct-2022 19:41:47 UTC] PHP   1. {main}() /Users/vanessa/Local Sites/omaha-fence-company/app/public/wp-cron.php:0
[28-Oct-2022 19:41:47 UTC] PHP   2. do_action_ref_array() /Users/vanessa/Local Sites/omaha-fence-company/app/public/wp-cron.php:138
[28-Oct-2022 19:41:47 UTC] PHP   3. WP_Hook->do_action() /Users/vanessa/Local Sites/omaha-fence-company/app/public/wp-includes/plugin.php:524
[28-Oct-2022 19:41:47 UTC] PHP   4. WP_Hook->apply_filters() /Users/vanessa/Local Sites/omaha-fence-company/app/public/wp-includes/class-wp-hook.php:331
[28-Oct-2022 20:07:09 UTC] PHP Warning:  call_user_func_array() expects parameter 1 to be a valid callback, class 'Amfence_Locations_Admin' does not have a method 'refresh_locations' in /Users/vanessa/Local Sites/omaha-fence-company/app/public/wp-includes/class-wp-hook.php on line 307
[28-Oct-2022 20:07:09 UTC] PHP Stack trace:
[28-Oct-2022 20:07:09 UTC] PHP   1. {main}() /Users/vanessa/Local Sites/omaha-fence-company/app/public/wp-cron.php:0
[28-Oct-2022 20:07:09 UTC] PHP   2. do_action_ref_array() /Users/vanessa/Local Sites/omaha-fence-company/app/public/wp-cron.php:138
[28-Oct-2022 20:07:09 UTC] PHP   3. WP_Hook->do_action() /Users/vanessa/Local Sites/omaha-fence-company/app/public/wp-includes/plugin.php:524
[28-Oct-2022 20:07:09 UTC] PHP   4. WP_Hook->apply_filters() /Users/vanessa/Local Sites/omaha-fence-company/app/public/wp-includes/class-wp-hook.php:331
[28-Oct-2022 21:15:07 UTC] PHP Warning:  call_user_func_array() expects parameter 1 to be a valid callback, class 'Amfence_Locations_Admin' does not have a method 'refresh_locations' in /Users/vanessa/Local Sites/omaha-fence-company/app/public/wp-includes/class-wp-hook.php on line 307
[28-Oct-2022 21:15:07 UTC] PHP Stack trace:
[28-Oct-2022 21:15:07 UTC] PHP   1. {main}() /Users/vanessa/Local Sites/omaha-fence-company/app/public/wp-cron.php:0
[28-Oct-2022 21:15:07 UTC] PHP   2. do_action_ref_array() /Users/vanessa/Local Sites/omaha-fence-company/app/public/wp-cron.php:138
[28-Oct-2022 21:15:07 UTC] PHP   3. WP_Hook->do_action() /Users/vanessa/Local Sites/omaha-fence-company/app/public/wp-includes/plugin.php:524
[28-Oct-2022 21:15:07 UTC] PHP   4. WP_Hook->apply_filters() /Users/vanessa/Local Sites/omaha-fence-company/app/public/wp-includes/class-wp-hook.php:331
[28-Oct-2022 21:16:03 UTC] Flywheel::DatabaseConnection
[28-Oct-2022 21:16:03 UTC] Flywheel::DatabaseConnection
[28-Oct-2022 21:16:04 UTC] Flywheel::DatabaseConnection
[28-Oct-2022 21:16:04 UTC] Flywheel::DatabaseConnection
[28-Oct-2022 21:16:04 UTC] Flywheel::DatabaseConnection
[28-Oct-2022 21:16:04 UTC] Flywheel::DatabaseConnection
[28-Oct-2022 21:25:52 UTC] Flywheel::DatabaseConnection
[28-Oct-2022 21:25:52 UTC] Flywheel::DatabaseConnection
[28-Oct-2022 21:25:55 UTC] Flywheel::DatabaseConnection
[28-Oct-2022 21:25:55 UTC] Flywheel::DatabaseConnection
[28-Oct-2022 21:25:55 UTC] Flywheel::DatabaseConnection
[28-Oct-2022 21:25:55 UTC] Flywheel::DatabaseConnection
[31-Oct-2022 13:25:34 UTC] PHP Warning:  call_user_func_array() expects parameter 1 to be a valid callback, class 'Amfence_Locations_Admin' does not have a method 'refresh_locations' in /Users/vanessa/Local Sites/omaha-fence-company/app/public/wp-includes/class-wp-hook.php on line 307
[31-Oct-2022 13:25:34 UTC] PHP Stack trace:
[31-Oct-2022 13:25:34 UTC] PHP   1. {main}() /Users/vanessa/Local Sites/omaha-fence-company/app/public/wp-cron.php:0
[31-Oct-2022 13:25:34 UTC] PHP   2. do_action_ref_array() /Users/vanessa/Local Sites/omaha-fence-company/app/public/wp-cron.php:138
[31-Oct-2022 13:25:34 UTC] PHP   3. WP_Hook->do_action() /Users/vanessa/Local Sites/omaha-fence-company/app/public/wp-includes/plugin.php:524
[31-Oct-2022 13:25:34 UTC] PHP   4. WP_Hook->apply_filters() /Users/vanessa/Local Sites/omaha-fence-company/app/public/wp-includes/class-wp-hook.php:331
[31-Oct-2022 14:15:57 UTC] PHP Warning:  call_user_func_array() expects parameter 1 to be a valid callback, class 'Amfence_Locations_Admin' does not have a method 'refresh_locations' in /Users/vanessa/Local Sites/omaha-fence-company/app/public/wp-includes/class-wp-hook.php on line 307
[31-Oct-2022 14:15:57 UTC] PHP Stack trace:
[31-Oct-2022 14:15:57 UTC] PHP   1. {main}() /Users/vanessa/Local Sites/omaha-fence-company/app/public/wp-cron.php:0
[31-Oct-2022 14:15:57 UTC] PHP   2. do_action_ref_array() /Users/vanessa/Local Sites/omaha-fence-company/app/public/wp-cron.php:138
[31-Oct-2022 14:15:57 UTC] PHP   3. WP_Hook->do_action() /Users/vanessa/Local Sites/omaha-fence-company/app/public/wp-includes/plugin.php:524
[31-Oct-2022 14:15:57 UTC] PHP   4. WP_Hook->apply_filters() /Users/vanessa/Local Sites/omaha-fence-company/app/public/wp-includes/class-wp-hook.php:331
[31-Oct-2022 15:07:50 UTC] PHP Warning:  call_user_func_array() expects parameter 1 to be a valid callback, class 'Amfence_Locations_Admin' does not have a method 'refresh_locations' in /Users/vanessa/Local Sites/omaha-fence-company/app/public/wp-includes/class-wp-hook.php on line 307
[31-Oct-2022 15:07:50 UTC] PHP Stack trace:
[31-Oct-2022 15:07:50 UTC] PHP   1. {main}() /Users/vanessa/Local Sites/omaha-fence-company/app/public/wp-cron.php:0
[31-Oct-2022 15:07:50 UTC] PHP   2. do_action_ref_array() /Users/vanessa/Local Sites/omaha-fence-company/app/public/wp-cron.php:138
[31-Oct-2022 15:07:50 UTC] PHP   3. WP_Hook->do_action() /Users/vanessa/Local Sites/omaha-fence-company/app/public/wp-includes/plugin.php:524
[31-Oct-2022 15:07:50 UTC] PHP   4. WP_Hook->apply_filters() /Users/vanessa/Local Sites/omaha-fence-company/app/public/wp-includes/class-wp-hook.php:331
[31-Oct-2022 16:08:55 UTC] PHP Warning:  call_user_func_array() expects parameter 1 to be a valid callback, class 'Amfence_Locations_Admin' does not have a method 'refresh_locations' in /Users/vanessa/Local Sites/omaha-fence-company/app/public/wp-includes/class-wp-hook.php on line 307
[31-Oct-2022 16:08:55 UTC] PHP Stack trace:
[31-Oct-2022 16:08:55 UTC] PHP   1. {main}() /Users/vanessa/Local Sites/omaha-fence-company/app/public/wp-cron.php:0
[31-Oct-2022 16:08:55 UTC] PHP   2. do_action_ref_array() /Users/vanessa/Local Sites/omaha-fence-company/app/public/wp-cron.php:138
[31-Oct-2022 16:08:55 UTC] PHP   3. WP_Hook->do_action() /Users/vanessa/Local Sites/omaha-fence-company/app/public/wp-includes/plugin.php:524
[31-Oct-2022 16:08:55 UTC] PHP   4. WP_Hook->apply_filters() /Users/vanessa/Local Sites/omaha-fence-company/app/public/wp-includes/class-wp-hook.php:331
[31-Oct-2022 16:16:27 UTC] Flywheel::DatabaseConnection
[31-Oct-2022 16:16:27 UTC] Flywheel::DatabaseConnection
[31-Oct-2022 16:16:27 UTC] Flywheel::DatabaseConnection
[31-Oct-2022 16:16:28 UTC] Flywheel::DatabaseConnection
[31-Oct-2022 16:16:28 UTC] Flywheel::DatabaseConnection
[31-Oct-2022 16:16:29 UTC] Flywheel::DatabaseConnection
[31-Oct-2022 16:16:29 UTC] Flywheel::DatabaseConnection
[31-Oct-2022 16:19:57 UTC] PHP Warning:  call_user_func_array() expects parameter 1 to be a valid callback, class 'Amfence_Locations_Admin' does not have a method 'refresh_locations' in /Users/vanessa/Local Sites/omaha-fence-company/app/public/wp-includes/class-wp-hook.php on line 307
[31-Oct-2022 16:19:57 UTC] PHP Stack trace:
[31-Oct-2022 16:19:57 UTC] PHP   1. {main}() /Users/vanessa/Local Sites/omaha-fence-company/app/public/wp-cron.php:0
[31-Oct-2022 16:19:57 UTC] PHP   2. do_action_ref_array() /Users/vanessa/Local Sites/omaha-fence-company/app/public/wp-cron.php:138
[31-Oct-2022 16:19:57 UTC] PHP   3. WP_Hook->do_action() /Users/vanessa/Local Sites/omaha-fence-company/app/public/wp-includes/plugin.php:524
[31-Oct-2022 16:19:57 UTC] PHP   4. WP_Hook->apply_filters() /Users/vanessa/Local Sites/omaha-fence-company/app/public/wp-includes/class-wp-hook.php:331
[31-Oct-2022 16:22:06 UTC] Flywheel::DatabaseConnection
[31-Oct-2022 16:22:06 UTC] Flywheel::DatabaseConnection
[31-Oct-2022 16:22:08 UTC] Flywheel::DatabaseConnection
[31-Oct-2022 16:22:08 UTC] Flywheel::DatabaseConnection
[31-Oct-2022 16:22:08 UTC] Flywheel::DatabaseConnection
[31-Oct-2022 16:22:08 UTC] Flywheel::DatabaseConnection
[31-Oct-2022 16:23:28 UTC] PHP Warning:  call_user_func_array() expects parameter 1 to be a valid callback, class 'Amfence_Locations_Admin' does not have a method 'refresh_locations' in /Users/vanessa/Local Sites/omaha-fence-company/app/public/wp-includes/class-wp-hook.php on line 307
[31-Oct-2022 16:23:28 UTC] PHP Stack trace:
[31-Oct-2022 16:23:28 UTC] PHP   1. {main}() /Users/vanessa/Local Sites/omaha-fence-company/app/public/wp-cron.php:0
[31-Oct-2022 16:23:28 UTC] PHP   2. do_action_ref_array() /Users/vanessa/Local Sites/omaha-fence-company/app/public/wp-cron.php:138
[31-Oct-2022 16:23:28 UTC] PHP   3. WP_Hook->do_action() /Users/vanessa/Local Sites/omaha-fence-company/app/public/wp-includes/plugin.php:524
[31-Oct-2022 16:23:28 UTC] PHP   4. WP_Hook->apply_filters() /Users/vanessa/Local Sites/omaha-fence-company/app/public/wp-includes/class-wp-hook.php:331
[31-Oct-2022 16:46:21 UTC] Flywheel::DatabaseConnection
[31-Oct-2022 16:46:21 UTC] Flywheel::DatabaseConnection
[31-Oct-2022 16:46:25 UTC] Flywheel::DatabaseConnection
[31-Oct-2022 16:46:25 UTC] Flywheel::DatabaseConnection
[31-Oct-2022 16:46:25 UTC] Flywheel::DatabaseConnection
[31-Oct-2022 16:46:25 UTC] Flywheel::DatabaseConnection
[31-Oct-2022 16:46:26 UTC] Flywheel::DatabaseConnection
[31-Oct-2022 16:48:32 UTC] PHP Warning:  call_user_func_array() expects parameter 1 to be a valid callback, class 'Amfence_Locations_Admin' does not have a method 'refresh_locations' in /Users/vanessa/Local Sites/omaha-fence-company/app/public/wp-includes/class-wp-hook.php on line 307
[31-Oct-2022 16:48:32 UTC] PHP Stack trace:
[31-Oct-2022 16:48:32 UTC] PHP   1. {main}() /Users/vanessa/Local Sites/omaha-fence-company/app/public/wp-cron.php:0
[31-Oct-2022 16:48:32 UTC] PHP   2. do_action_ref_array() /Users/vanessa/Local Sites/omaha-fence-company/app/public/wp-cron.php:138
[31-Oct-2022 16:48:32 UTC] PHP   3. WP_Hook->do_action() /Users/vanessa/Local Sites/omaha-fence-company/app/public/wp-includes/plugin.php:524
[31-Oct-2022 16:48:32 UTC] PHP   4. WP_Hook->apply_filters() /Users/vanessa/Local Sites/omaha-fence-company/app/public/wp-includes/class-wp-hook.php:331
[31-Oct-2022 17:08:18 UTC] PHP Warning:  call_user_func_array() expects parameter 1 to be a valid callback, class 'Amfence_Locations_Admin' does not have a method 'refresh_locations' in /Users/vanessa/Local Sites/omaha-fence-company/app/public/wp-includes/class-wp-hook.php on line 307
[31-Oct-2022 17:08:18 UTC] PHP Stack trace:
[31-Oct-2022 17:08:18 UTC] PHP   1. {main}() /Users/vanessa/Local Sites/omaha-fence-company/app/public/wp-cron.php:0
[31-Oct-2022 17:08:18 UTC] PHP   2. do_action_ref_array() /Users/vanessa/Local Sites/omaha-fence-company/app/public/wp-cron.php:138
[31-Oct-2022 17:08:18 UTC] PHP   3. WP_Hook->do_action() /Users/vanessa/Local Sites/omaha-fence-company/app/public/wp-includes/plugin.php:524
[31-Oct-2022 17:08:18 UTC] PHP   4. WP_Hook->apply_filters() /Users/vanessa/Local Sites/omaha-fence-company/app/public/wp-includes/class-wp-hook.php:331
[31-Oct-2022 18:37:10 UTC] PHP Warning:  call_user_func_array() expects parameter 1 to be a valid callback, class 'Amfence_Locations_Admin' does not have a method 'refresh_locations' in /Users/vanessa/Local Sites/omaha-fence-company/app/public/wp-includes/class-wp-hook.php on line 307
[31-Oct-2022 18:37:10 UTC] PHP Stack trace:
[31-Oct-2022 18:37:10 UTC] PHP   1. {main}() /Users/vanessa/Local Sites/omaha-fence-company/app/public/wp-cron.php:0
[31-Oct-2022 18:37:10 UTC] PHP   2. do_action_ref_array() /Users/vanessa/Local Sites/omaha-fence-company/app/public/wp-cron.php:138
[31-Oct-2022 18:37:10 UTC] PHP   3. WP_Hook->do_action() /Users/vanessa/Local Sites/omaha-fence-company/app/public/wp-includes/plugin.php:524
[31-Oct-2022 18:37:10 UTC] PHP   4. WP_Hook->apply_filters() /Users/vanessa/Local Sites/omaha-fence-company/app/public/wp-includes/class-wp-hook.php:331
[31-Oct-2022 19:12:54 UTC] PHP Warning:  call_user_func_array() expects parameter 1 to be a valid callback, class 'Amfence_Locations_Admin' does not have a method 'refresh_locations' in /Users/vanessa/Local Sites/omaha-fence-company/app/public/wp-includes/class-wp-hook.php on line 307
[31-Oct-2022 19:12:54 UTC] PHP Stack trace:
[31-Oct-2022 19:12:54 UTC] PHP   1. {main}() /Users/vanessa/Local Sites/omaha-fence-company/app/public/wp-cron.php:0
[31-Oct-2022 19:12:54 UTC] PHP   2. do_action_ref_array() /Users/vanessa/Local Sites/omaha-fence-company/app/public/wp-cron.php:138
[31-Oct-2022 19:12:54 UTC] PHP   3. WP_Hook->do_action() /Users/vanessa/Local Sites/omaha-fence-company/app/public/wp-includes/plugin.php:524
[31-Oct-2022 19:12:54 UTC] PHP   4. WP_Hook->apply_filters() /Users/vanessa/Local Sites/omaha-fence-company/app/public/wp-includes/class-wp-hook.php:331
[31-Oct-2022 20:07:44 UTC] PHP Warning:  call_user_func_array() expects parameter 1 to be a valid callback, class 'Amfence_Locations_Admin' does not have a method 'refresh_locations' in /Users/vanessa/Local Sites/omaha-fence-company/app/public/wp-includes/class-wp-hook.php on line 307
[31-Oct-2022 20:07:44 UTC] PHP Stack trace:
[31-Oct-2022 20:07:44 UTC] PHP   1. {main}() /Users/vanessa/Local Sites/omaha-fence-company/app/public/wp-cron.php:0
[31-Oct-2022 20:07:44 UTC] PHP   2. do_action_ref_array() /Users/vanessa/Local Sites/omaha-fence-company/app/public/wp-cron.php:138
[31-Oct-2022 20:07:44 UTC] PHP   3. WP_Hook->do_action() /Users/vanessa/Local Sites/omaha-fence-company/app/public/wp-includes/plugin.php:524
[31-Oct-2022 20:07:44 UTC] PHP   4. WP_Hook->apply_filters() /Users/vanessa/Local Sites/omaha-fence-company/app/public/wp-includes/class-wp-hook.php:331
[31-Oct-2022 21:16:35 UTC] PHP Warning:  call_user_func_array() expects parameter 1 to be a valid callback, class 'Amfence_Locations_Admin' does not have a method 'refresh_locations' in /Users/vanessa/Local Sites/omaha-fence-company/app/public/wp-includes/class-wp-hook.php on line 307
[31-Oct-2022 21:16:35 UTC] PHP Stack trace:
[31-Oct-2022 21:16:35 UTC] PHP   1. {main}() /Users/vanessa/Local Sites/omaha-fence-company/app/public/wp-cron.php:0
[31-Oct-2022 21:16:35 UTC] PHP   2. do_action_ref_array() /Users/vanessa/Local Sites/omaha-fence-company/app/public/wp-cron.php:138
[31-Oct-2022 21:16:35 UTC] PHP   3. WP_Hook->do_action() /Users/vanessa/Local Sites/omaha-fence-company/app/public/wp-includes/plugin.php:524
[31-Oct-2022 21:16:35 UTC] PHP   4. WP_Hook->apply_filters() /Users/vanessa/Local Sites/omaha-fence-company/app/public/wp-includes/class-wp-hook.php:331
[01-Nov-2022 14:00:35 UTC] PHP Warning:  call_user_func_array() expects parameter 1 to be a valid callback, class 'Amfence_Locations_Admin' does not have a method 'refresh_locations' in /Users/vanessa/Local Sites/omaha-fence-company/app/public/wp-includes/class-wp-hook.php on line 307
[01-Nov-2022 14:00:35 UTC] PHP Stack trace:
[01-Nov-2022 14:00:35 UTC] PHP   1. {main}() /Users/vanessa/Local Sites/omaha-fence-company/app/public/wp-cron.php:0
[01-Nov-2022 14:00:35 UTC] PHP   2. do_action_ref_array() /Users/vanessa/Local Sites/omaha-fence-company/app/public/wp-cron.php:138
[01-Nov-2022 14:00:35 UTC] PHP   3. WP_Hook->do_action() /Users/vanessa/Local Sites/omaha-fence-company/app/public/wp-includes/plugin.php:524
[01-Nov-2022 14:00:35 UTC] PHP   4. WP_Hook->apply_filters() /Users/vanessa/Local Sites/omaha-fence-company/app/public/wp-includes/class-wp-hook.php:331
[01-Nov-2022 14:07:07 UTC] PHP Warning:  call_user_func_array() expects parameter 1 to be a valid callback, class 'Amfence_Locations_Admin' does not have a method 'refresh_locations' in /Users/vanessa/Local Sites/omaha-fence-company/app/public/wp-includes/class-wp-hook.php on line 307
[01-Nov-2022 14:07:07 UTC] PHP Stack trace:
[01-Nov-2022 14:07:07 UTC] PHP   1. {main}() /Users/vanessa/Local Sites/omaha-fence-company/app/public/wp-cron.php:0
[01-Nov-2022 14:07:07 UTC] PHP   2. do_action_ref_array() /Users/vanessa/Local Sites/omaha-fence-company/app/public/wp-cron.php:138
[01-Nov-2022 14:07:07 UTC] PHP   3. WP_Hook->do_action() /Users/vanessa/Local Sites/omaha-fence-company/app/public/wp-includes/plugin.php:524
[01-Nov-2022 14:07:07 UTC] PHP   4. WP_Hook->apply_filters() /Users/vanessa/Local Sites/omaha-fence-company/app/public/wp-includes/class-wp-hook.php:331
[01-Nov-2022 15:07:24 UTC] PHP Warning:  call_user_func_array() expects parameter 1 to be a valid callback, class 'Amfence_Locations_Admin' does not have a method 'refresh_locations' in /Users/vanessa/Local Sites/omaha-fence-company/app/public/wp-includes/class-wp-hook.php on line 307
[01-Nov-2022 15:07:24 UTC] PHP Stack trace:
[01-Nov-2022 15:07:24 UTC] PHP   1. {main}() /Users/vanessa/Local Sites/omaha-fence-company/app/public/wp-cron.php:0
[01-Nov-2022 15:07:24 UTC] PHP   2. do_action_ref_array() /Users/vanessa/Local Sites/omaha-fence-company/app/public/wp-cron.php:138
[01-Nov-2022 15:07:24 UTC] PHP   3. WP_Hook->do_action() /Users/vanessa/Local Sites/omaha-fence-company/app/public/wp-includes/plugin.php:524
[01-Nov-2022 15:07:24 UTC] PHP   4. WP_Hook->apply_filters() /Users/vanessa/Local Sites/omaha-fence-company/app/public/wp-includes/class-wp-hook.php:331
[01-Nov-2022 16:07:13 UTC] PHP Warning:  call_user_func_array() expects parameter 1 to be a valid callback, class 'Amfence_Locations_Admin' does not have a method 'refresh_locations' in /Users/vanessa/Local Sites/omaha-fence-company/app/public/wp-includes/class-wp-hook.php on line 307
[01-Nov-2022 16:07:13 UTC] PHP Stack trace:
[01-Nov-2022 16:07:13 UTC] PHP   1. {main}() /Users/vanessa/Local Sites/omaha-fence-company/app/public/wp-cron.php:0
[01-Nov-2022 16:07:13 UTC] PHP   2. do_action_ref_array() /Users/vanessa/Local Sites/omaha-fence-company/app/public/wp-cron.php:138
[01-Nov-2022 16:07:13 UTC] PHP   3. WP_Hook->do_action() /Users/vanessa/Local Sites/omaha-fence-company/app/public/wp-includes/plugin.php:524
[01-Nov-2022 16:07:13 UTC] PHP   4. WP_Hook->apply_filters() /Users/vanessa/Local Sites/omaha-fence-company/app/public/wp-includes/class-wp-hook.php:331
[01-Nov-2022 17:12:59 UTC] PHP Warning:  call_user_func_array() expects parameter 1 to be a valid callback, class 'Amfence_Locations_Admin' does not have a method 'refresh_locations' in /Users/vanessa/Local Sites/omaha-fence-company/app/public/wp-includes/class-wp-hook.php on line 307
[01-Nov-2022 17:12:59 UTC] PHP Stack trace:
[01-Nov-2022 17:12:59 UTC] PHP   1. {main}() /Users/vanessa/Local Sites/omaha-fence-company/app/public/wp-cron.php:0
[01-Nov-2022 17:12:59 UTC] PHP   2. do_action_ref_array() /Users/vanessa/Local Sites/omaha-fence-company/app/public/wp-cron.php:138
[01-Nov-2022 17:12:59 UTC] PHP   3. WP_Hook->do_action() /Users/vanessa/Local Sites/omaha-fence-company/app/public/wp-includes/plugin.php:524
[01-Nov-2022 17:12:59 UTC] PHP   4. WP_Hook->apply_filters() /Users/vanessa/Local Sites/omaha-fence-company/app/public/wp-includes/class-wp-hook.php:331
[01-Nov-2022 18:08:22 UTC] PHP Warning:  call_user_func_array() expects parameter 1 to be a valid callback, class 'Amfence_Locations_Admin' does not have a method 'refresh_locations' in /Users/vanessa/Local Sites/omaha-fence-company/app/public/wp-includes/class-wp-hook.php on line 307
[01-Nov-2022 18:08:22 UTC] PHP Stack trace:
[01-Nov-2022 18:08:22 UTC] PHP   1. {main}() /Users/vanessa/Local Sites/omaha-fence-company/app/public/wp-cron.php:0
[01-Nov-2022 18:08:22 UTC] PHP   2. do_action_ref_array() /Users/vanessa/Local Sites/omaha-fence-company/app/public/wp-cron.php:138
[01-Nov-2022 18:08:22 UTC] PHP   3. WP_Hook->do_action() /Users/vanessa/Local Sites/omaha-fence-company/app/public/wp-includes/plugin.php:524
[01-Nov-2022 18:08:22 UTC] PHP   4. WP_Hook->apply_filters() /Users/vanessa/Local Sites/omaha-fence-company/app/public/wp-includes/class-wp-hook.php:331
[01-Nov-2022 19:08:26 UTC] PHP Warning:  call_user_func_array() expects parameter 1 to be a valid callback, class 'Amfence_Locations_Admin' does not have a method 'refresh_locations' in /Users/vanessa/Local Sites/omaha-fence-company/app/public/wp-includes/class-wp-hook.php on line 307
[01-Nov-2022 19:08:26 UTC] PHP Stack trace:
[01-Nov-2022 19:08:26 UTC] PHP   1. {main}() /Users/vanessa/Local Sites/omaha-fence-company/app/public/wp-cron.php:0
[01-Nov-2022 19:08:26 UTC] PHP   2. do_action_ref_array() /Users/vanessa/Local Sites/omaha-fence-company/app/public/wp-cron.php:138
[01-Nov-2022 19:08:26 UTC] PHP   3. WP_Hook->do_action() /Users/vanessa/Local Sites/omaha-fence-company/app/public/wp-includes/plugin.php:524
[01-Nov-2022 19:08:26 UTC] PHP   4. WP_Hook->apply_filters() /Users/vanessa/Local Sites/omaha-fence-company/app/public/wp-includes/class-wp-hook.php:331
[01-Nov-2022 20:07:45 UTC] PHP Warning:  call_user_func_array() expects parameter 1 to be a valid callback, class 'Amfence_Locations_Admin' does not have a method 'refresh_locations' in /Users/vanessa/Local Sites/omaha-fence-company/app/public/wp-includes/class-wp-hook.php on line 307
[01-Nov-2022 20:07:45 UTC] PHP Stack trace:
[01-Nov-2022 20:07:45 UTC] PHP   1. {main}() /Users/vanessa/Local Sites/omaha-fence-company/app/public/wp-cron.php:0
[01-Nov-2022 20:07:45 UTC] PHP   2. do_action_ref_array() /Users/vanessa/Local Sites/omaha-fence-company/app/public/wp-cron.php:138
[01-Nov-2022 20:07:45 UTC] PHP   3. WP_Hook->do_action() /Users/vanessa/Local Sites/omaha-fence-company/app/public/wp-includes/plugin.php:524
[01-Nov-2022 20:07:45 UTC] PHP   4. WP_Hook->apply_filters() /Users/vanessa/Local Sites/omaha-fence-company/app/public/wp-includes/class-wp-hook.php:331
[01-Nov-2022 21:07:21 UTC] PHP Warning:  call_user_func_array() expects parameter 1 to be a valid callback, class 'Amfence_Locations_Admin' does not have a method 'refresh_locations' in /Users/vanessa/Local Sites/omaha-fence-company/app/public/wp-includes/class-wp-hook.php on line 307
[01-Nov-2022 21:07:21 UTC] PHP Stack trace:
[01-Nov-2022 21:07:21 UTC] PHP   1. {main}() /Users/vanessa/Local Sites/omaha-fence-company/app/public/wp-cron.php:0
[01-Nov-2022 21:07:21 UTC] PHP   2. do_action_ref_array() /Users/vanessa/Local Sites/omaha-fence-company/app/public/wp-cron.php:138
[01-Nov-2022 21:07:21 UTC] PHP   3. WP_Hook->do_action() /Users/vanessa/Local Sites/omaha-fence-company/app/public/wp-includes/plugin.php:524
[01-Nov-2022 21:07:21 UTC] PHP   4. WP_Hook->apply_filters() /Users/vanessa/Local Sites/omaha-fence-company/app/public/wp-includes/class-wp-hook.php:331
[02-Nov-2022 12:56:04 UTC] PHP Warning:  call_user_func_array() expects parameter 1 to be a valid callback, class 'Amfence_Locations_Admin' does not have a method 'refresh_locations' in /Users/vanessa/Local Sites/omaha-fence-company/app/public/wp-includes/class-wp-hook.php on line 307
[02-Nov-2022 12:56:04 UTC] PHP Stack trace:
[02-Nov-2022 12:56:04 UTC] PHP   1. {main}() /Users/vanessa/Local Sites/omaha-fence-company/app/public/wp-cron.php:0
[02-Nov-2022 12:56:04 UTC] PHP   2. do_action_ref_array() /Users/vanessa/Local Sites/omaha-fence-company/app/public/wp-cron.php:138
[02-Nov-2022 12:56:04 UTC] PHP   3. WP_Hook->do_action() /Users/vanessa/Local Sites/omaha-fence-company/app/public/wp-includes/plugin.php:524
[02-Nov-2022 12:56:04 UTC] PHP   4. WP_Hook->apply_filters() /Users/vanessa/Local Sites/omaha-fence-company/app/public/wp-includes/class-wp-hook.php:331
[02-Nov-2022 13:17:15 UTC] PHP Warning:  call_user_func_array() expects parameter 1 to be a valid callback, class 'Amfence_Locations_Admin' does not have a method 'refresh_locations' in /Users/vanessa/Local Sites/omaha-fence-company/app/public/wp-includes/class-wp-hook.php on line 307
[02-Nov-2022 13:17:15 UTC] PHP Stack trace:
[02-Nov-2022 13:17:15 UTC] PHP   1. {main}() /Users/vanessa/Local Sites/omaha-fence-company/app/public/wp-cron.php:0
[02-Nov-2022 13:17:15 UTC] PHP   2. do_action_ref_array() /Users/vanessa/Local Sites/omaha-fence-company/app/public/wp-cron.php:138
[02-Nov-2022 13:17:15 UTC] PHP   3. WP_Hook->do_action() /Users/vanessa/Local Sites/omaha-fence-company/app/public/wp-includes/plugin.php:524
[02-Nov-2022 13:17:15 UTC] PHP   4. WP_Hook->apply_filters() /Users/vanessa/Local Sites/omaha-fence-company/app/public/wp-includes/class-wp-hook.php:331
[02-Nov-2022 14:07:13 UTC] PHP Warning:  call_user_func_array() expects parameter 1 to be a valid callback, class 'Amfence_Locations_Admin' does not have a method 'refresh_locations' in /Users/vanessa/Local Sites/omaha-fence-company/app/public/wp-includes/class-wp-hook.php on line 307
[02-Nov-2022 14:07:13 UTC] PHP Stack trace:
[02-Nov-2022 14:07:13 UTC] PHP   1. {main}() /Users/vanessa/Local Sites/omaha-fence-company/app/public/wp-cron.php:0
[02-Nov-2022 14:07:13 UTC] PHP   2. do_action_ref_array() /Users/vanessa/Local Sites/omaha-fence-company/app/public/wp-cron.php:138
[02-Nov-2022 14:07:13 UTC] PHP   3. WP_Hook->do_action() /Users/vanessa/Local Sites/omaha-fence-company/app/public/wp-includes/plugin.php:524
[02-Nov-2022 14:07:13 UTC] PHP   4. WP_Hook->apply_filters() /Users/vanessa/Local Sites/omaha-fence-company/app/public/wp-includes/class-wp-hook.php:331
[02-Nov-2022 15:07:10 UTC] PHP Warning:  call_user_func_array() expects parameter 1 to be a valid callback, class 'Amfence_Locations_Admin' does not have a method 'refresh_locations' in /Users/vanessa/Local Sites/omaha-fence-company/app/public/wp-includes/class-wp-hook.php on line 307
[02-Nov-2022 15:07:10 UTC] PHP Stack trace:
[02-Nov-2022 15:07:10 UTC] PHP   1. {main}() /Users/vanessa/Local Sites/omaha-fence-company/app/public/wp-cron.php:0
[02-Nov-2022 15:07:10 UTC] PHP   2. do_action_ref_array() /Users/vanessa/Local Sites/omaha-fence-company/app/public/wp-cron.php:138
[02-Nov-2022 15:07:10 UTC] PHP   3. WP_Hook->do_action() /Users/vanessa/Local Sites/omaha-fence-company/app/public/wp-includes/plugin.php:524
[02-Nov-2022 15:07:10 UTC] PHP   4. WP_Hook->apply_filters() /Users/vanessa/Local Sites/omaha-fence-company/app/public/wp-includes/class-wp-hook.php:331
[02-Nov-2022 16:01:21 UTC] Flywheel::DatabaseConnection
[02-Nov-2022 16:01:22 UTC] Flywheel::DatabaseConnection
[02-Nov-2022 16:01:22 UTC] Flywheel::DatabaseConnection
[02-Nov-2022 16:01:24 UTC] Flywheel::DatabaseConnection
[02-Nov-2022 16:01:24 UTC] Flywheel::DatabaseConnection
[02-Nov-2022 16:01:24 UTC] Flywheel::DatabaseConnection
[02-Nov-2022 16:01:24 UTC] Flywheel::DatabaseConnection
[02-Nov-2022 16:07:14 UTC] PHP Warning:  call_user_func_array() expects parameter 1 to be a valid callback, class 'Amfence_Locations_Admin' does not have a method 'refresh_locations' in /Users/vanessa/Local Sites/omaha-fence-company/app/public/wp-includes/class-wp-hook.php on line 307
[02-Nov-2022 16:07:14 UTC] PHP Stack trace:
[02-Nov-2022 16:07:14 UTC] PHP   1. {main}() /Users/vanessa/Local Sites/omaha-fence-company/app/public/wp-cron.php:0
[02-Nov-2022 16:07:14 UTC] PHP   2. do_action_ref_array() /Users/vanessa/Local Sites/omaha-fence-company/app/public/wp-cron.php:138
[02-Nov-2022 16:07:14 UTC] PHP   3. WP_Hook->do_action() /Users/vanessa/Local Sites/omaha-fence-company/app/public/wp-includes/plugin.php:524
[02-Nov-2022 16:07:14 UTC] PHP   4. WP_Hook->apply_filters() /Users/vanessa/Local Sites/omaha-fence-company/app/public/wp-includes/class-wp-hook.php:331
[02-Nov-2022 17:07:00 UTC] PHP Warning:  call_user_func_array() expects parameter 1 to be a valid callback, class 'Amfence_Locations_Admin' does not have a method 'refresh_locations' in /Users/vanessa/Local Sites/omaha-fence-company/app/public/wp-includes/class-wp-hook.php on line 307
[02-Nov-2022 17:07:00 UTC] PHP Stack trace:
[02-Nov-2022 17:07:00 UTC] PHP   1. {main}() /Users/vanessa/Local Sites/omaha-fence-company/app/public/wp-cron.php:0
[02-Nov-2022 17:07:00 UTC] PHP   2. do_action_ref_array() /Users/vanessa/Local Sites/omaha-fence-company/app/public/wp-cron.php:138
[02-Nov-2022 17:07:00 UTC] PHP   3. WP_Hook->do_action() /Users/vanessa/Local Sites/omaha-fence-company/app/public/wp-includes/plugin.php:524
[02-Nov-2022 17:07:00 UTC] PHP   4. WP_Hook->apply_filters() /Users/vanessa/Local Sites/omaha-fence-company/app/public/wp-includes/class-wp-hook.php:331
[02-Nov-2022 18:13:54 UTC] PHP Warning:  call_user_func_array() expects parameter 1 to be a valid callback, class 'Amfence_Locations_Admin' does not have a method 'refresh_locations' in /Users/vanessa/Local Sites/omaha-fence-company/app/public/wp-includes/class-wp-hook.php on line 307
[02-Nov-2022 18:13:54 UTC] PHP Stack trace:
[02-Nov-2022 18:13:54 UTC] PHP   1. {main}() /Users/vanessa/Local Sites/omaha-fence-company/app/public/wp-cron.php:0
[02-Nov-2022 18:13:54 UTC] PHP   2. do_action_ref_array() /Users/vanessa/Local Sites/omaha-fence-company/app/public/wp-cron.php:138
[02-Nov-2022 18:13:54 UTC] PHP   3. WP_Hook->do_action() /Users/vanessa/Local Sites/omaha-fence-company/app/public/wp-includes/plugin.php:524
[02-Nov-2022 18:13:54 UTC] PHP   4. WP_Hook->apply_filters() /Users/vanessa/Local Sites/omaha-fence-company/app/public/wp-includes/class-wp-hook.php:331
[02-Nov-2022 19:14:24 UTC] PHP Warning:  call_user_func_array() expects parameter 1 to be a valid callback, class 'Amfence_Locations_Admin' does not have a method 'refresh_locations' in /Users/vanessa/Local Sites/omaha-fence-company/app/public/wp-includes/class-wp-hook.php on line 307
[02-Nov-2022 19:14:24 UTC] PHP Stack trace:
[02-Nov-2022 19:14:24 UTC] PHP   1. {main}() /Users/vanessa/Local Sites/omaha-fence-company/app/public/wp-cron.php:0
[02-Nov-2022 19:14:24 UTC] PHP   2. do_action_ref_array() /Users/vanessa/Local Sites/omaha-fence-company/app/public/wp-cron.php:138
[02-Nov-2022 19:14:24 UTC] PHP   3. WP_Hook->do_action() /Users/vanessa/Local Sites/omaha-fence-company/app/public/wp-includes/plugin.php:524
[02-Nov-2022 19:14:24 UTC] PHP   4. WP_Hook->apply_filters() /Users/vanessa/Local Sites/omaha-fence-company/app/public/wp-includes/class-wp-hook.php:331
[02-Nov-2022 20:22:03 UTC] PHP Warning:  call_user_func_array() expects parameter 1 to be a valid callback, class 'Amfence_Locations_Admin' does not have a method 'refresh_locations' in /Users/vanessa/Local Sites/omaha-fence-company/app/public/wp-includes/class-wp-hook.php on line 307
[02-Nov-2022 20:22:03 UTC] PHP Stack trace:
[02-Nov-2022 20:22:03 UTC] PHP   1. {main}() /Users/vanessa/Local Sites/omaha-fence-company/app/public/wp-cron.php:0
[02-Nov-2022 20:22:03 UTC] PHP   2. do_action_ref_array() /Users/vanessa/Local Sites/omaha-fence-company/app/public/wp-cron.php:138
[02-Nov-2022 20:22:03 UTC] PHP   3. WP_Hook->do_action() /Users/vanessa/Local Sites/omaha-fence-company/app/public/wp-includes/plugin.php:524
[02-Nov-2022 20:22:03 UTC] PHP   4. WP_Hook->apply_filters() /Users/vanessa/Local Sites/omaha-fence-company/app/public/wp-includes/class-wp-hook.php:331
[02-Nov-2022 21:08:23 UTC] PHP Warning:  call_user_func_array() expects parameter 1 to be a valid callback, class 'Amfence_Locations_Admin' does not have a method 'refresh_locations' in /Users/vanessa/Local Sites/omaha-fence-company/app/public/wp-includes/class-wp-hook.php on line 307
[02-Nov-2022 21:08:23 UTC] PHP Stack trace:
[02-Nov-2022 21:08:23 UTC] PHP   1. {main}() /Users/vanessa/Local Sites/omaha-fence-company/app/public/wp-cron.php:0
[02-Nov-2022 21:08:23 UTC] PHP   2. do_action_ref_array() /Users/vanessa/Local Sites/omaha-fence-company/app/public/wp-cron.php:138
[02-Nov-2022 21:08:23 UTC] PHP   3. WP_Hook->do_action() /Users/vanessa/Local Sites/omaha-fence-company/app/public/wp-includes/plugin.php:524
[02-Nov-2022 21:08:23 UTC] PHP   4. WP_Hook->apply_filters() /Users/vanessa/Local Sites/omaha-fence-company/app/public/wp-includes/class-wp-hook.php:331
[03-Nov-2022 13:48:55 UTC] PHP Warning:  call_user_func_array() expects parameter 1 to be a valid callback, class 'Amfence_Locations_Admin' does not have a method 'refresh_locations' in /Users/vanessa/Local Sites/omaha-fence-company/app/public/wp-includes/class-wp-hook.php on line 307
[03-Nov-2022 13:48:55 UTC] PHP Stack trace:
[03-Nov-2022 13:48:55 UTC] PHP   1. {main}() /Users/vanessa/Local Sites/omaha-fence-company/app/public/wp-cron.php:0
[03-Nov-2022 13:48:55 UTC] PHP   2. do_action_ref_array() /Users/vanessa/Local Sites/omaha-fence-company/app/public/wp-cron.php:138
[03-Nov-2022 13:48:55 UTC] PHP   3. WP_Hook->do_action() /Users/vanessa/Local Sites/omaha-fence-company/app/public/wp-includes/plugin.php:524
[03-Nov-2022 13:48:55 UTC] PHP   4. WP_Hook->apply_filters() /Users/vanessa/Local Sites/omaha-fence-company/app/public/wp-includes/class-wp-hook.php:331
[03-Nov-2022 14:08:04 UTC] PHP Warning:  call_user_func_array() expects parameter 1 to be a valid callback, class 'Amfence_Locations_Admin' does not have a method 'refresh_locations' in /Users/vanessa/Local Sites/omaha-fence-company/app/public/wp-includes/class-wp-hook.php on line 307
[03-Nov-2022 14:08:04 UTC] PHP Stack trace:
[03-Nov-2022 14:08:04 UTC] PHP   1. {main}() /Users/vanessa/Local Sites/omaha-fence-company/app/public/wp-cron.php:0
[03-Nov-2022 14:08:04 UTC] PHP   2. do_action_ref_array() /Users/vanessa/Local Sites/omaha-fence-company/app/public/wp-cron.php:138
[03-Nov-2022 14:08:04 UTC] PHP   3. WP_Hook->do_action() /Users/vanessa/Local Sites/omaha-fence-company/app/public/wp-includes/plugin.php:524
[03-Nov-2022 14:08:04 UTC] PHP   4. WP_Hook->apply_filters() /Users/vanessa/Local Sites/omaha-fence-company/app/public/wp-includes/class-wp-hook.php:331
[03-Nov-2022 15:12:44 UTC] PHP Warning:  call_user_func_array() expects parameter 1 to be a valid callback, class 'Amfence_Locations_Admin' does not have a method 'refresh_locations' in /Users/vanessa/Local Sites/omaha-fence-company/app/public/wp-includes/class-wp-hook.php on line 307
[03-Nov-2022 15:12:44 UTC] PHP Stack trace:
[03-Nov-2022 15:12:44 UTC] PHP   1. {main}() /Users/vanessa/Local Sites/omaha-fence-company/app/public/wp-cron.php:0
[03-Nov-2022 15:12:44 UTC] PHP   2. do_action_ref_array() /Users/vanessa/Local Sites/omaha-fence-company/app/public/wp-cron.php:138
[03-Nov-2022 15:12:44 UTC] PHP   3. WP_Hook->do_action() /Users/vanessa/Local Sites/omaha-fence-company/app/public/wp-includes/plugin.php:524
[03-Nov-2022 15:12:44 UTC] PHP   4. WP_Hook->apply_filters() /Users/vanessa/Local Sites/omaha-fence-company/app/public/wp-includes/class-wp-hook.php:331
[03-Nov-2022 21:04:23 UTC] PHP Warning:  call_user_func_array() expects parameter 1 to be a valid callback, class 'Amfence_Locations_Admin' does not have a method 'refresh_locations' in /Users/vanessa/Local Sites/omaha-fence-company/app/public/wp-includes/class-wp-hook.php on line 307
[03-Nov-2022 21:04:23 UTC] PHP Stack trace:
[03-Nov-2022 21:04:23 UTC] PHP   1. {main}() /Users/vanessa/Local Sites/omaha-fence-company/app/public/wp-cron.php:0
[03-Nov-2022 21:04:23 UTC] PHP   2. do_action_ref_array() /Users/vanessa/Local Sites/omaha-fence-company/app/public/wp-cron.php:138
[03-Nov-2022 21:04:23 UTC] PHP   3. WP_Hook->do_action() /Users/vanessa/Local Sites/omaha-fence-company/app/public/wp-includes/plugin.php:524
[03-Nov-2022 21:04:23 UTC] PHP   4. WP_Hook->apply_filters() /Users/vanessa/Local Sites/omaha-fence-company/app/public/wp-includes/class-wp-hook.php:331
[03-Nov-2022 21:04:52 UTC] Flywheel::DatabaseConnection
[03-Nov-2022 21:04:52 UTC] Flywheel::DatabaseConnection
[03-Nov-2022 21:04:56 UTC] Flywheel::DatabaseConnection
[03-Nov-2022 21:04:56 UTC] Flywheel::DatabaseConnection
[03-Nov-2022 21:04:56 UTC] Flywheel::DatabaseConnection
[03-Nov-2022 21:04:56 UTC] Flywheel::DatabaseConnection
[03-Nov-2022 21:04:57 UTC] Flywheel::DatabaseConnection
[03-Nov-2022 21:04:57 UTC] Flywheel::DatabaseConnection
[03-Nov-2022 21:23:33 UTC] PHP Warning:  call_user_func_array() expects parameter 1 to be a valid callback, class 'Amfence_Locations_Admin' does not have a method 'refresh_locations' in /Users/vanessa/Local Sites/omaha-fence-company/app/public/wp-includes/class-wp-hook.php on line 307
[03-Nov-2022 21:23:33 UTC] PHP Stack trace:
[03-Nov-2022 21:23:33 UTC] PHP   1. {main}() /Users/vanessa/Local Sites/omaha-fence-company/app/public/wp-cron.php:0
[03-Nov-2022 21:23:33 UTC] PHP   2. do_action_ref_array() /Users/vanessa/Local Sites/omaha-fence-company/app/public/wp-cron.php:138
[03-Nov-2022 21:23:33 UTC] PHP   3. WP_Hook->do_action() /Users/vanessa/Local Sites/omaha-fence-company/app/public/wp-includes/plugin.php:524
[03-Nov-2022 21:23:33 UTC] PHP   4. WP_Hook->apply_filters() /Users/vanessa/Local Sites/omaha-fence-company/app/public/wp-includes/class-wp-hook.php:331
[04-Nov-2022 13:15:40 UTC] PHP Warning:  call_user_func_array() expects parameter 1 to be a valid callback, class 'Amfence_Locations_Admin' does not have a method 'refresh_locations' in /Users/vanessa/Local Sites/omaha-fence-company/app/public/wp-includes/class-wp-hook.php on line 307
[04-Nov-2022 13:15:40 UTC] PHP Stack trace:
[04-Nov-2022 13:15:40 UTC] PHP   1. {main}() /Users/vanessa/Local Sites/omaha-fence-company/app/public/wp-cron.php:0
[04-Nov-2022 13:15:40 UTC] PHP   2. do_action_ref_array() /Users/vanessa/Local Sites/omaha-fence-company/app/public/wp-cron.php:138
[04-Nov-2022 13:15:40 UTC] PHP   3. WP_Hook->do_action() /Users/vanessa/Local Sites/omaha-fence-company/app/public/wp-includes/plugin.php:524
[04-Nov-2022 13:15:40 UTC] PHP   4. WP_Hook->apply_filters() /Users/vanessa/Local Sites/omaha-fence-company/app/public/wp-includes/class-wp-hook.php:331
[04-Nov-2022 14:22:48 UTC] PHP Warning:  call_user_func_array() expects parameter 1 to be a valid callback, class 'Amfence_Locations_Admin' does not have a method 'refresh_locations' in /Users/vanessa/Local Sites/omaha-fence-company/app/public/wp-includes/class-wp-hook.php on line 307
[04-Nov-2022 14:22:48 UTC] PHP Stack trace:
[04-Nov-2022 14:22:48 UTC] PHP   1. {main}() /Users/vanessa/Local Sites/omaha-fence-company/app/public/wp-cron.php:0
[04-Nov-2022 14:22:48 UTC] PHP   2. do_action_ref_array() /Users/vanessa/Local Sites/omaha-fence-company/app/public/wp-cron.php:138
[04-Nov-2022 14:22:48 UTC] PHP   3. WP_Hook->do_action() /Users/vanessa/Local Sites/omaha-fence-company/app/public/wp-includes/plugin.php:524
[04-Nov-2022 14:22:48 UTC] PHP   4. WP_Hook->apply_filters() /Users/vanessa/Local Sites/omaha-fence-company/app/public/wp-includes/class-wp-hook.php:331
[04-Nov-2022 15:07:21 UTC] PHP Warning:  call_user_func_array() expects parameter 1 to be a valid callback, class 'Amfence_Locations_Admin' does not have a method 'refresh_locations' in /Users/vanessa/Local Sites/omaha-fence-company/app/public/wp-includes/class-wp-hook.php on line 307
[04-Nov-2022 15:07:21 UTC] PHP Stack trace:
[04-Nov-2022 15:07:21 UTC] PHP   1. {main}() /Users/vanessa/Local Sites/omaha-fence-company/app/public/wp-cron.php:0
[04-Nov-2022 15:07:21 UTC] PHP   2. do_action_ref_array() /Users/vanessa/Local Sites/omaha-fence-company/app/public/wp-cron.php:138
[04-Nov-2022 15:07:21 UTC] PHP   3. WP_Hook->do_action() /Users/vanessa/Local Sites/omaha-fence-company/app/public/wp-includes/plugin.php:524
[04-Nov-2022 15:07:21 UTC] PHP   4. WP_Hook->apply_filters() /Users/vanessa/Local Sites/omaha-fence-company/app/public/wp-includes/class-wp-hook.php:331
[04-Nov-2022 16:28:29 UTC] PHP Warning:  call_user_func_array() expects parameter 1 to be a valid callback, class 'Amfence_Locations_Admin' does not have a method 'refresh_locations' in /Users/vanessa/Local Sites/omaha-fence-company/app/public/wp-includes/class-wp-hook.php on line 307
[04-Nov-2022 16:28:29 UTC] PHP Stack trace:
[04-Nov-2022 16:28:29 UTC] PHP   1. {main}() /Users/vanessa/Local Sites/omaha-fence-company/app/public/wp-cron.php:0
[04-Nov-2022 16:28:29 UTC] PHP   2. do_action_ref_array() /Users/vanessa/Local Sites/omaha-fence-company/app/public/wp-cron.php:138
[04-Nov-2022 16:28:29 UTC] PHP   3. WP_Hook->do_action() /Users/vanessa/Local Sites/omaha-fence-company/app/public/wp-includes/plugin.php:524
[04-Nov-2022 16:28:29 UTC] PHP   4. WP_Hook->apply_filters() /Users/vanessa/Local Sites/omaha-fence-company/app/public/wp-includes/class-wp-hook.php:331
[04-Nov-2022 17:09:04 UTC] PHP Warning:  call_user_func_array() expects parameter 1 to be a valid callback, class 'Amfence_Locations_Admin' does not have a method 'refresh_locations' in /Users/vanessa/Local Sites/omaha-fence-company/app/public/wp-includes/class-wp-hook.php on line 307
[04-Nov-2022 17:09:04 UTC] PHP Stack trace:
[04-Nov-2022 17:09:04 UTC] PHP   1. {main}() /Users/vanessa/Local Sites/omaha-fence-company/app/public/wp-cron.php:0
[04-Nov-2022 17:09:04 UTC] PHP   2. do_action_ref_array() /Users/vanessa/Local Sites/omaha-fence-company/app/public/wp-cron.php:138
[04-Nov-2022 17:09:04 UTC] PHP   3. WP_Hook->do_action() /Users/vanessa/Local Sites/omaha-fence-company/app/public/wp-includes/plugin.php:524
[04-Nov-2022 17:09:04 UTC] PHP   4. WP_Hook->apply_filters() /Users/vanessa/Local Sites/omaha-fence-company/app/public/wp-includes/class-wp-hook.php:331
[04-Nov-2022 17:50:18 UTC] Flywheel::DatabaseConnection
[04-Nov-2022 17:50:18 UTC] Flywheel::DatabaseConnection
[04-Nov-2022 17:50:22 UTC] Flywheel::DatabaseConnection
[04-Nov-2022 17:50:22 UTC] Flywheel::DatabaseConnection
[04-Nov-2022 17:50:22 UTC] Flywheel::DatabaseConnection
[04-Nov-2022 17:50:22 UTC] Flywheel::DatabaseConnection
[04-Nov-2022 17:50:23 UTC] Flywheel::DatabaseConnection
[04-Nov-2022 18:07:52 UTC] PHP Warning:  call_user_func_array() expects parameter 1 to be a valid callback, class 'Amfence_Locations_Admin' does not have a method 'refresh_locations' in /Users/vanessa/Local Sites/omaha-fence-company/app/public/wp-includes/class-wp-hook.php on line 307
[04-Nov-2022 18:07:52 UTC] PHP Stack trace:
[04-Nov-2022 18:07:52 UTC] PHP   1. {main}() /Users/vanessa/Local Sites/omaha-fence-company/app/public/wp-cron.php:0
[04-Nov-2022 18:07:52 UTC] PHP   2. do_action_ref_array() /Users/vanessa/Local Sites/omaha-fence-company/app/public/wp-cron.php:138
[04-Nov-2022 18:07:52 UTC] PHP   3. WP_Hook->do_action() /Users/vanessa/Local Sites/omaha-fence-company/app/public/wp-includes/plugin.php:524
[04-Nov-2022 18:07:52 UTC] PHP   4. WP_Hook->apply_filters() /Users/vanessa/Local Sites/omaha-fence-company/app/public/wp-includes/class-wp-hook.php:331
[04-Nov-2022 19:20:06 UTC] PHP Warning:  call_user_func_array() expects parameter 1 to be a valid callback, class 'Amfence_Locations_Admin' does not have a method 'refresh_locations' in /Users/vanessa/Local Sites/omaha-fence-company/app/public/wp-includes/class-wp-hook.php on line 307
[04-Nov-2022 19:20:06 UTC] PHP Stack trace:
[04-Nov-2022 19:20:06 UTC] PHP   1. {main}() /Users/vanessa/Local Sites/omaha-fence-company/app/public/wp-cron.php:0
[04-Nov-2022 19:20:06 UTC] PHP   2. do_action_ref_array() /Users/vanessa/Local Sites/omaha-fence-company/app/public/wp-cron.php:138
[04-Nov-2022 19:20:06 UTC] PHP   3. WP_Hook->do_action() /Users/vanessa/Local Sites/omaha-fence-company/app/public/wp-includes/plugin.php:524
[04-Nov-2022 19:20:06 UTC] PHP   4. WP_Hook->apply_filters() /Users/vanessa/Local Sites/omaha-fence-company/app/public/wp-includes/class-wp-hook.php:331
[04-Nov-2022 20:46:58 UTC] PHP Warning:  call_user_func_array() expects parameter 1 to be a valid callback, class 'Amfence_Locations_Admin' does not have a method 'refresh_locations' in /Users/vanessa/Local Sites/omaha-fence-company/app/public/wp-includes/class-wp-hook.php on line 307
[04-Nov-2022 20:46:58 UTC] PHP Stack trace:
[04-Nov-2022 20:46:58 UTC] PHP   1. {main}() /Users/vanessa/Local Sites/omaha-fence-company/app/public/wp-cron.php:0
[04-Nov-2022 20:46:58 UTC] PHP   2. do_action_ref_array() /Users/vanessa/Local Sites/omaha-fence-company/app/public/wp-cron.php:138
[04-Nov-2022 20:46:58 UTC] PHP   3. WP_Hook->do_action() /Users/vanessa/Local Sites/omaha-fence-company/app/public/wp-includes/plugin.php:524
[04-Nov-2022 20:46:58 UTC] PHP   4. WP_Hook->apply_filters() /Users/vanessa/Local Sites/omaha-fence-company/app/public/wp-includes/class-wp-hook.php:331
[04-Nov-2022 21:08:26 UTC] PHP Warning:  call_user_func_array() expects parameter 1 to be a valid callback, class 'Amfence_Locations_Admin' does not have a method 'refresh_locations' in /Users/vanessa/Local Sites/omaha-fence-company/app/public/wp-includes/class-wp-hook.php on line 307
[04-Nov-2022 21:08:26 UTC] PHP Stack trace:
[04-Nov-2022 21:08:26 UTC] PHP   1. {main}() /Users/vanessa/Local Sites/omaha-fence-company/app/public/wp-cron.php:0
[04-Nov-2022 21:08:26 UTC] PHP   2. do_action_ref_array() /Users/vanessa/Local Sites/omaha-fence-company/app/public/wp-cron.php:138
[04-Nov-2022 21:08:26 UTC] PHP   3. WP_Hook->do_action() /Users/vanessa/Local Sites/omaha-fence-company/app/public/wp-includes/plugin.php:524
[04-Nov-2022 21:08:26 UTC] PHP   4. WP_Hook->apply_filters() /Users/vanessa/Local Sites/omaha-fence-company/app/public/wp-includes/class-wp-hook.php:331
[07-Nov-2022 14:08:19 UTC] PHP Warning:  call_user_func_array() expects parameter 1 to be a valid callback, class 'Amfence_Locations_Admin' does not have a method 'refresh_locations' in /Users/vanessa/Local Sites/omaha-fence-company/app/public/wp-includes/class-wp-hook.php on line 307
[07-Nov-2022 14:08:19 UTC] PHP Stack trace:
[07-Nov-2022 14:08:19 UTC] PHP   1. {main}() /Users/vanessa/Local Sites/omaha-fence-company/app/public/wp-cron.php:0
[07-Nov-2022 14:08:19 UTC] PHP   2. do_action_ref_array() /Users/vanessa/Local Sites/omaha-fence-company/app/public/wp-cron.php:138
[07-Nov-2022 14:08:19 UTC] PHP   3. WP_Hook->do_action() /Users/vanessa/Local Sites/omaha-fence-company/app/public/wp-includes/plugin.php:524
[07-Nov-2022 14:08:19 UTC] PHP   4. WP_Hook->apply_filters() /Users/vanessa/Local Sites/omaha-fence-company/app/public/wp-includes/class-wp-hook.php:331
[07-Nov-2022 15:07:56 UTC] PHP Warning:  call_user_func_array() expects parameter 1 to be a valid callback, class 'Amfence_Locations_Admin' does not have a method 'refresh_locations' in /Users/vanessa/Local Sites/omaha-fence-company/app/public/wp-includes/class-wp-hook.php on line 307
[07-Nov-2022 15:07:56 UTC] PHP Stack trace:
[07-Nov-2022 15:07:56 UTC] PHP   1. {main}() /Users/vanessa/Local Sites/omaha-fence-company/app/public/wp-cron.php:0
[07-Nov-2022 15:07:56 UTC] PHP   2. do_action_ref_array() /Users/vanessa/Local Sites/omaha-fence-company/app/public/wp-cron.php:138
[07-Nov-2022 15:07:56 UTC] PHP   3. WP_Hook->do_action() /Users/vanessa/Local Sites/omaha-fence-company/app/public/wp-includes/plugin.php:524
[07-Nov-2022 15:07:56 UTC] PHP   4. WP_Hook->apply_filters() /Users/vanessa/Local Sites/omaha-fence-company/app/public/wp-includes/class-wp-hook.php:331
[07-Nov-2022 16:07:29 UTC] PHP Warning:  call_user_func_array() expects parameter 1 to be a valid callback, class 'Amfence_Locations_Admin' does not have a method 'refresh_locations' in /Users/vanessa/Local Sites/omaha-fence-company/app/public/wp-includes/class-wp-hook.php on line 307
[07-Nov-2022 16:07:29 UTC] PHP Stack trace:
[07-Nov-2022 16:07:29 UTC] PHP   1. {main}() /Users/vanessa/Local Sites/omaha-fence-company/app/public/wp-cron.php:0
[07-Nov-2022 16:07:29 UTC] PHP   2. do_action_ref_array() /Users/vanessa/Local Sites/omaha-fence-company/app/public/wp-cron.php:138
[07-Nov-2022 16:07:29 UTC] PHP   3. WP_Hook->do_action() /Users/vanessa/Local Sites/omaha-fence-company/app/public/wp-includes/plugin.php:524
[07-Nov-2022 16:07:29 UTC] PHP   4. WP_Hook->apply_filters() /Users/vanessa/Local Sites/omaha-fence-company/app/public/wp-includes/class-wp-hook.php:331
[07-Nov-2022 19:34:18 UTC] PHP Warning:  call_user_func_array() expects parameter 1 to be a valid callback, class 'Amfence_Locations_Admin' does not have a method 'refresh_locations' in /Users/vanessa/Local Sites/omaha-fence-company/app/public/wp-includes/class-wp-hook.php on line 307
[07-Nov-2022 19:34:18 UTC] PHP Stack trace:
[07-Nov-2022 19:34:18 UTC] PHP   1. {main}() /Users/vanessa/Local Sites/omaha-fence-company/app/public/wp-cron.php:0
[07-Nov-2022 19:34:18 UTC] PHP   2. do_action_ref_array() /Users/vanessa/Local Sites/omaha-fence-company/app/public/wp-cron.php:138
[07-Nov-2022 19:34:18 UTC] PHP   3. WP_Hook->do_action() /Users/vanessa/Local Sites/omaha-fence-company/app/public/wp-includes/plugin.php:524
[07-Nov-2022 19:34:18 UTC] PHP   4. WP_Hook->apply_filters() /Users/vanessa/Local Sites/omaha-fence-company/app/public/wp-includes/class-wp-hook.php:331
[07-Nov-2022 22:07:19 UTC] PHP Warning:  call_user_func_array() expects parameter 1 to be a valid callback, class 'Amfence_Locations_Admin' does not have a method 'refresh_locations' in /Users/vanessa/Local Sites/omaha-fence-company/app/public/wp-includes/class-wp-hook.php on line 307
[07-Nov-2022 22:07:19 UTC] PHP Stack trace:
[07-Nov-2022 22:07:19 UTC] PHP   1. {main}() /Users/vanessa/Local Sites/omaha-fence-company/app/public/wp-cron.php:0
[07-Nov-2022 22:07:19 UTC] PHP   2. do_action_ref_array() /Users/vanessa/Local Sites/omaha-fence-company/app/public/wp-cron.php:138
[07-Nov-2022 22:07:19 UTC] PHP   3. WP_Hook->do_action() /Users/vanessa/Local Sites/omaha-fence-company/app/public/wp-includes/plugin.php:524
[07-Nov-2022 22:07:19 UTC] PHP   4. WP_Hook->apply_filters() /Users/vanessa/Local Sites/omaha-fence-company/app/public/wp-includes/class-wp-hook.php:331
[08-Nov-2022 13:56:55 UTC] PHP Warning:  call_user_func_array() expects parameter 1 to be a valid callback, class 'Amfence_Locations_Admin' does not have a method 'refresh_locations' in /Users/vanessa/Local Sites/omaha-fence-company/app/public/wp-includes/class-wp-hook.php on line 307
[08-Nov-2022 13:56:55 UTC] PHP Stack trace:
[08-Nov-2022 13:56:55 UTC] PHP   1. {main}() /Users/vanessa/Local Sites/omaha-fence-company/app/public/wp-cron.php:0
[08-Nov-2022 13:56:55 UTC] PHP   2. do_action_ref_array() /Users/vanessa/Local Sites/omaha-fence-company/app/public/wp-cron.php:138
[08-Nov-2022 13:56:55 UTC] PHP   3. WP_Hook->do_action() /Users/vanessa/Local Sites/omaha-fence-company/app/public/wp-includes/plugin.php:524
[08-Nov-2022 13:56:55 UTC] PHP   4. WP_Hook->apply_filters() /Users/vanessa/Local Sites/omaha-fence-company/app/public/wp-includes/class-wp-hook.php:331
[08-Nov-2022 14:07:14 UTC] PHP Warning:  call_user_func_array() expects parameter 1 to be a valid callback, class 'Amfence_Locations_Admin' does not have a method 'refresh_locations' in /Users/vanessa/Local Sites/omaha-fence-company/app/public/wp-includes/class-wp-hook.php on line 307
[08-Nov-2022 14:07:14 UTC] PHP Stack trace:
[08-Nov-2022 14:07:14 UTC] PHP   1. {main}() /Users/vanessa/Local Sites/omaha-fence-company/app/public/wp-cron.php:0
[08-Nov-2022 14:07:14 UTC] PHP   2. do_action_ref_array() /Users/vanessa/Local Sites/omaha-fence-company/app/public/wp-cron.php:138
[08-Nov-2022 14:07:14 UTC] PHP   3. WP_Hook->do_action() /Users/vanessa/Local Sites/omaha-fence-company/app/public/wp-includes/plugin.php:524
[08-Nov-2022 14:07:14 UTC] PHP   4. WP_Hook->apply_filters() /Users/vanessa/Local Sites/omaha-fence-company/app/public/wp-includes/class-wp-hook.php:331
[08-Nov-2022 14:27:30 UTC] Flywheel::DatabaseConnection
[08-Nov-2022 14:27:30 UTC] Flywheel::DatabaseConnection
[08-Nov-2022 14:27:33 UTC] Flywheel::DatabaseConnection
[08-Nov-2022 14:27:33 UTC] Flywheel::DatabaseConnection
[08-Nov-2022 14:27:34 UTC] Flywheel::DatabaseConnection
[08-Nov-2022 14:27:34 UTC] Flywheel::DatabaseConnection
[08-Nov-2022 14:27:35 UTC] Flywheel::DatabaseConnection
[08-Nov-2022 14:27:35 UTC] Flywheel::DatabaseConnection
[08-Nov-2022 15:06:12 UTC] Flywheel::DatabaseConnection
[08-Nov-2022 15:06:12 UTC] Flywheel::DatabaseConnection
[08-Nov-2022 15:06:16 UTC] Flywheel::DatabaseConnection
[08-Nov-2022 15:06:16 UTC] Flywheel::DatabaseConnection
[08-Nov-2022 15:06:16 UTC] Flywheel::DatabaseConnection
[08-Nov-2022 15:06:17 UTC] Flywheel::DatabaseConnection
[08-Nov-2022 15:06:17 UTC] Flywheel::DatabaseConnection
[08-Nov-2022 15:08:10 UTC] PHP Warning:  call_user_func_array() expects parameter 1 to be a valid callback, class 'Amfence_Locations_Admin' does not have a method 'refresh_locations' in /Users/vanessa/Local Sites/omaha-fence-company/app/public/wp-includes/class-wp-hook.php on line 307
[08-Nov-2022 15:08:10 UTC] PHP Stack trace:
[08-Nov-2022 15:08:10 UTC] PHP   1. {main}() /Users/vanessa/Local Sites/omaha-fence-company/app/public/wp-cron.php:0
[08-Nov-2022 15:08:10 UTC] PHP   2. do_action_ref_array() /Users/vanessa/Local Sites/omaha-fence-company/app/public/wp-cron.php:138
[08-Nov-2022 15:08:10 UTC] PHP   3. WP_Hook->do_action() /Users/vanessa/Local Sites/omaha-fence-company/app/public/wp-includes/plugin.php:524
[08-Nov-2022 15:08:10 UTC] PHP   4. WP_Hook->apply_filters() /Users/vanessa/Local Sites/omaha-fence-company/app/public/wp-includes/class-wp-hook.php:331
[08-Nov-2022 16:08:01 UTC] PHP Warning:  call_user_func_array() expects parameter 1 to be a valid callback, class 'Amfence_Locations_Admin' does not have a method 'refresh_locations' in /Users/vanessa/Local Sites/omaha-fence-company/app/public/wp-includes/class-wp-hook.php on line 307
[08-Nov-2022 16:08:01 UTC] PHP Stack trace:
[08-Nov-2022 16:08:01 UTC] PHP   1. {main}() /Users/vanessa/Local Sites/omaha-fence-company/app/public/wp-cron.php:0
[08-Nov-2022 16:08:01 UTC] PHP   2. do_action_ref_array() /Users/vanessa/Local Sites/omaha-fence-company/app/public/wp-cron.php:138
[08-Nov-2022 16:08:01 UTC] PHP   3. WP_Hook->do_action() /Users/vanessa/Local Sites/omaha-fence-company/app/public/wp-includes/plugin.php:524
[08-Nov-2022 16:08:01 UTC] PHP   4. WP_Hook->apply_filters() /Users/vanessa/Local Sites/omaha-fence-company/app/public/wp-includes/class-wp-hook.php:331
[08-Nov-2022 17:07:07 UTC] PHP Warning:  call_user_func_array() expects parameter 1 to be a valid callback, class 'Amfence_Locations_Admin' does not have a method 'refresh_locations' in /Users/vanessa/Local Sites/omaha-fence-company/app/public/wp-includes/class-wp-hook.php on line 307
[08-Nov-2022 17:07:07 UTC] PHP Stack trace:
[08-Nov-2022 17:07:07 UTC] PHP   1. {main}() /Users/vanessa/Local Sites/omaha-fence-company/app/public/wp-cron.php:0
[08-Nov-2022 17:07:07 UTC] PHP   2. do_action_ref_array() /Users/vanessa/Local Sites/omaha-fence-company/app/public/wp-cron.php:138
[08-Nov-2022 17:07:07 UTC] PHP   3. WP_Hook->do_action() /Users/vanessa/Local Sites/omaha-fence-company/app/public/wp-includes/plugin.php:524
[08-Nov-2022 17:07:07 UTC] PHP   4. WP_Hook->apply_filters() /Users/vanessa/Local Sites/omaha-fence-company/app/public/wp-includes/class-wp-hook.php:331
