[31-Aug-2022 11:03:01] NOTICE: fpm is running, pid 69921
[31-Aug-2022 11:03:01] NOTICE: ready to handle connections
[31-Aug-2022 11:12:32] NOTICE: Terminating ...
[31-Aug-2022 11:12:32] NOTICE: Terminating ...
[31-Aug-2022 11:12:32] NOTICE: exiting, bye-bye!
[31-Aug-2022 11:12:35] NOTICE: fpm is running, pid 75735
[31-Aug-2022 11:12:35] NOTICE: ready to handle connections
[31-Aug-2022 11:17:44] NOTICE: Terminating ...
[31-Aug-2022 11:17:44] NOTICE: Terminating ...
[31-Aug-2022 11:17:44] NOTICE: exiting, bye-bye!
[13-Sep-2022 08:49:49] NOTICE: fpm is running, pid 93935
[13-Sep-2022 08:49:49] NOTICE: ready to handle connections
[13-Sep-2022 08:50:46] NOTICE: Terminating ...
[13-Sep-2022 08:50:46] NOTICE: Terminating ...
[13-Sep-2022 08:50:46] NOTICE: exiting, bye-bye!
[13-Sep-2022 08:50:47] NOTICE: fpm is running, pid 94150
[13-Sep-2022 08:50:47] NOTICE: ready to handle connections
[13-Sep-2022 15:35:08] NOTICE: Terminating ...
[13-Sep-2022 15:35:08] NOTICE: Terminating ...
[13-Sep-2022 15:35:08] NOTICE: exiting, bye-bye!
[28-Oct-2022 09:25:12] NOTICE: fpm is running, pid 91823
[28-Oct-2022 09:25:12] NOTICE: ready to handle connections
[28-Oct-2022 09:26:49] NOTICE: Terminating ...
[28-Oct-2022 09:26:49] NOTICE: Terminating ...
[28-Oct-2022 09:26:49] NOTICE: exiting, bye-bye!
[28-Oct-2022 09:26:51] NOTICE: fpm is running, pid 92326
[28-Oct-2022 09:26:51] NOTICE: ready to handle connections
[28-Oct-2022 09:33:19] NOTICE: Terminating ...
[28-Oct-2022 09:33:19] NOTICE: Terminating ...
[28-Oct-2022 09:33:19] NOTICE: exiting, bye-bye!
[28-Oct-2022 09:33:21] NOTICE: fpm is running, pid 93947
[28-Oct-2022 09:33:21] NOTICE: ready to handle connections
[28-Oct-2022 16:16:02] NOTICE: Terminating ...
[28-Oct-2022 16:16:02] NOTICE: Terminating ...
[28-Oct-2022 16:16:02] NOTICE: exiting, bye-bye!
[28-Oct-2022 16:16:04] NOTICE: fpm is running, pid 76329
[28-Oct-2022 16:16:04] NOTICE: ready to handle connections
[28-Oct-2022 16:25:51] NOTICE: Terminating ...
[28-Oct-2022 16:25:51] NOTICE: Terminating ...
[28-Oct-2022 16:25:51] NOTICE: exiting, bye-bye!
[28-Oct-2022 16:25:55] NOTICE: fpm is running, pid 78170
[28-Oct-2022 16:25:55] NOTICE: ready to handle connections
[31-Oct-2022 11:16:27] NOTICE: Terminating ...
[31-Oct-2022 11:16:27] NOTICE: Terminating ...
[31-Oct-2022 11:16:27] NOTICE: exiting, bye-bye!
[31-Oct-2022 11:16:29] NOTICE: fpm is running, pid 11770
[31-Oct-2022 11:16:29] NOTICE: ready to handle connections
[31-Oct-2022 11:22:06] NOTICE: Terminating ...
[31-Oct-2022 11:22:06] NOTICE: Terminating ...
[31-Oct-2022 11:22:06] NOTICE: exiting, bye-bye!
[31-Oct-2022 11:22:08] NOTICE: fpm is running, pid 13034
[31-Oct-2022 11:22:08] NOTICE: ready to handle connections
[31-Oct-2022 11:46:21] NOTICE: Terminating ...
[31-Oct-2022 11:46:21] NOTICE: Terminating ...
[31-Oct-2022 11:46:21] NOTICE: exiting, bye-bye!
[31-Oct-2022 11:46:24] NOTICE: fpm is running, pid 17771
[31-Oct-2022 11:46:24] NOTICE: ready to handle connections
[02-Nov-2022 11:01:21] NOTICE: Terminating ...
[02-Nov-2022 11:01:21] NOTICE: Terminating ...
[02-Nov-2022 11:01:21] NOTICE: exiting, bye-bye!
[02-Nov-2022 11:01:24] NOTICE: fpm is running, pid 73441
[02-Nov-2022 11:01:24] NOTICE: ready to handle connections
[03-Nov-2022 16:04:52] NOTICE: Terminating ...
[03-Nov-2022 16:04:52] NOTICE: Terminating ...
[03-Nov-2022 16:04:52] NOTICE: exiting, bye-bye!
[03-Nov-2022 16:04:55] NOTICE: fpm is running, pid 92257
[03-Nov-2022 16:04:55] NOTICE: ready to handle connections
[04-Nov-2022 12:50:18] NOTICE: Terminating ...
[04-Nov-2022 12:50:18] NOTICE: Terminating ...
[04-Nov-2022 12:50:18] NOTICE: exiting, bye-bye!
[04-Nov-2022 12:50:22] NOTICE: fpm is running, pid 38653
[04-Nov-2022 12:50:22] NOTICE: ready to handle connections
